E:\FLYM\WAR3\HOOKNETWORK\DEBUG\HOOKNETWORK.BSC
E:\FLYM\WAR3\HOOKNETWORK\DEBUG\INLINEHOOK.SBR
E:\FLYM\WAR3\HOOKNETWORK\DEBUG\DLLENTRY.SBR
E:\FLYM\WAR3\HOOKNETWORK\DEBUG\DLLENTRY.OBJ
E:\FLYM\WAR3\HOOKNETWORK\DEBUG\INLINEHOOK.OBJ
E:\FLYM\WAR3\HOOKNETWORK\DEBUG\VC110.PDB
E:\flym\war3\HookNetwork\Debug\HookNetwork.lib
E:\flym\war3\HookNetwork\Debug\HookNetwork.exp
E:\FLYM\WAR3\TESTCLIENT\DEBUG\HOOKNETWORK.ILK
E:\FLYM\WAR3\TESTCLIENT\DEBUG\HOOKNETWORK.DLL
E:\FLYM\WAR3\TESTCLIENT\DEBUG\HOOKNETWORK.PDB
E:\flym\war3\HookNetwork\Debug\DllEntry.obj
E:\flym\war3\HookNetwork\Debug\InlineHook.obj
E:\flym\war3\HookNetwork\Debug\BscMake.command.1.tlog
E:\flym\war3\HookNetwork\Debug\bscmake.read.1.tlog
E:\flym\war3\HookNetwork\Debug\bscmake.write.1.tlog
E:\flym\war3\HookNetwork\Debug\cl.command.1.tlog
E:\flym\war3\HookNetwork\Debug\CL.read.1.tlog
E:\flym\war3\HookNetwork\Debug\CL.write.1.tlog
E:\flym\war3\HookNetwork\Debug\HookNetwork.write.1.tlog
E:\flym\war3\HookNetwork\Debug\link-cvtres.read.1.tlog
E:\flym\war3\HookNetwork\Debug\link-cvtres.write.1.tlog
E:\flym\war3\HookNetwork\Debug\link-rc.read.1.tlog
E:\flym\war3\HookNetwork\Debug\link-rc.write.1.tlog
E:\flym\war3\HookNetwork\Debug\link.command.1.tlog
E:\flym\war3\HookNetwork\Debug\link.read.1.tlog
E:\flym\war3\HookNetwork\Debug\link.write.1.tlog
E:\flym\war3\HookNetwork\Debug\vc110.idb
E:\flym\war3\HookNetwork\Debug\vc110.pdb
E:\flym\war3\HookNetwork\Debug\HookNetwork.bsc
E:\flym\war3\HookNetwork\Debug\DllEntry.sbr
E:\flym\war3\HookNetwork\Debug\InlineHook.sbr
E:\flym\war3\HookNetwork\..\testclient\Debug\HookNetwork.dll
